Microsoft HTML Help Compiler 4.74.8702

Compiling d:\Work\Andreas\lyrahelp.chm


Compile time: 0 minutes, 0 seconds
16	Topics
53	Local links
1	Internet link
16	Graphics


Created d:\Work\Andreas\lyrahelp.chm, 592,850 bytes
Compression decreased file by 128,668 bytes.
Microsoft HTML Help Compiler 4.74.8702

Compiling d:\Work\Andreas\lyrahelp.chm


Compile time: 0 minutes, 0 seconds
16	Topics
53	Local links
1	Internet link
16	Graphics


Created d:\Work\Andreas\lyrahelp.chm, 592,844 bytes
Compression decreased file by 128,667 bytes.
Microsoft HTML Help Compiler 4.74.8702

Compiling d:\Work\Andreas\lyrahelp.chm


Compile time: 0 minutes, 0 seconds
16	Topics
54	Local links
1	Internet link
16	Graphics


Created d:\Work\Andreas\lyrahelp.chm, 593,230 bytes
Compression decreased file by 129,942 bytes.
Microsoft HTML Help Compiler 4.74.8702

Compiling d:\Work\Andreas\lyrahelp.chm


Compile time: 0 minutes, 0 seconds
16	Topics
54	Local links
1	Internet link
16	Graphics


Created d:\Work\Andreas\lyrahelp.chm, 593,326 bytes
Compression decreased file by 129,915 bytes.
Microsoft HTML Help Compiler 4.74.8702

Compiling d:\Work\Andreas\lyrahelp.chm


Compile time: 0 minutes, 0 seconds
16	Topics
54	Local links
1	Internet link
16	Graphics


Created d:\Work\Andreas\lyrahelp.chm, 593,330 bytes
Compression decreased file by 129,923 bytes.
Microsoft HTML Help Compiler 4.74.8702

Compiling d:\Work\Andreas\lyrahelp.chm


Compile time: 0 minutes, 0 seconds
16	Topics
54	Local links
1	Internet link
16	Graphics


Created d:\Work\Andreas\lyrahelp.chm, 593,320 bytes
Compression decreased file by 129,933 bytes.
Microsoft HTML Help Compiler 4.74.8702

Compiling d:\Work\Andreas\lyrahelp.chm


Compile time: 0 minutes, 0 seconds
16	Topics
54	Local links
1	Internet link
16	Graphics


Created d:\Work\Andreas\lyrahelp.chm, 593,318 bytes
Compression decreased file by 129,935 bytes.
Microsoft HTML Help Compiler 4.74.8702

Compiling d:\Work\Andreas\lyrahelp.chm


Compile time: 0 minutes, 0 seconds
16	Topics
54	Local links
1	Internet link
16	Graphics


Created d:\Work\Andreas\lyrahelp.chm, 593,852 bytes
Compression decreased file by 130,438 bytes.
Microsoft HTML Help Compiler 4.74.8702

Compiling d:\Work\Andreas\lyrahelp.chm


Compile time: 0 minutes, 0 seconds
16	Topics
54	Local links
1	Internet link
16	Graphics


Created d:\Work\Andreas\lyrahelp.chm, 593,856 bytes
Compression decreased file by 130,454 bytes.
Microsoft HTML Help Compiler 4.74.8702

Compiling d:\Work\Andreas\lyrahelp.chm


Compile time: 0 minutes, 0 seconds
16	Topics
54	Local links
1	Internet link
16	Graphics


Created d:\Work\Andreas\lyrahelp.chm, 593,854 bytes
Compression decreased file by 130,452 bytes.
Microsoft HTML Help Compiler 4.74.8702

Compiling d:\Work\Andreas\lyrahelp.chm


Compile time: 0 minutes, 0 seconds
16	Topics
54	Local links
1	Internet link
16	Graphics


Created d:\Work\Andreas\lyrahelp.chm, 594,204 bytes
Compression decreased file by 130,813 bytes.
Microsoft HTML Help Compiler 4.74.8702

Compiling d:\Work\Andreas\lyrahelp.chm


Compile time: 0 minutes, 0 seconds
16	Topics
54	Local links
1	Internet link
16	Graphics


Created d:\Work\Andreas\lyrahelp.chm, 594,120 bytes
Compression decreased file by 131,177 bytes.
Microsoft HTML Help Compiler 4.74.8702

Compiling d:\Work\Andreas\lyrahelp.chm


Compile time: 0 minutes, 0 seconds
16	Topics
54	Local links
1	Internet link
16	Graphics


Created d:\Work\Andreas\lyrahelp.chm, 594,136 bytes
Compression decreased file by 131,273 bytes.
Microsoft HTML Help Compiler 4.74.8702

Compiling d:\Work\Andreas\lyrahelp.chm


Compile time: 0 minutes, 0 seconds
16	Topics
54	Local links
1	Internet link
16	Graphics


Created d:\Work\Andreas\lyrahelp.chm, 594,134 bytes
Compression decreased file by 131,165 bytes.
Microsoft HTML Help Compiler 4.74.8702

Compiling d:\Work\Andreas\lyrahelp.chm


Compile time: 0 minutes, 0 seconds
16	Topics
54	Local links
1	Internet link
16	Graphics


Created d:\Work\Andreas\lyrahelp.chm, 594,181 bytes
Compression decreased file by 131,144 bytes.
